[1110/201125.671:ERROR:directory_reader_win.cc(43)] FindFirstFile: The system cannot find the path specified. (0x3)
[1111/125438.804:ERROR:directory_reader_win.cc(43)] FindFirstFile: The system cannot find the path specified. (0x3)
[1112/004721.044:ERROR:process_memory_win.cc(73)] ReadMemory at 0x22761caea50 of 72 bytes failed: Only part of a ReadProcessMemory or WriteProcessMemory request was completed. (0x12B)
[1112/004721.378:WARNING:pe_image_annotations_reader.cc(135)] could not read annotations list object in C:\Program Files\Google\Chrome\Application\86.0.4240.183\chrome_elf.dll
[1112/004721.378:ERROR:process_memory_win.cc(73)] ReadMemory at 0x22761cf2600 of 72 bytes failed: Only part of a ReadProcessMemory or WriteProcessMemory request was completed. (0x12B)
[1112/004721.378:WARNING:pe_image_annotations_reader.cc(135)] could not read annotations list object in C:\Program Files\Google\Chrome\Application\86.0.4240.183\chrome.dll
[1112/004722.092:ERROR:process_memory_win.cc(73)] ReadMemory at 0x7ff7e7bc0000 of 64 bytes failed: Only part of a ReadProcessMemory or WriteProcessMemory request was completed. (0x12B)
[1112/004722.092:WARNING:pe_image_reader.cc(340)] could not read dos header from C:\Program Files\Google\Chrome\Application\chrome.exe
[1112/004722.092:ERROR:process_memory_win.cc(73)] ReadMemory at 0x7ffbabd40000 of 64 bytes failed: Only part of a ReadProcessMemory or WriteProcessMemory request was completed. (0x12B)
[1112/004722.092:WARNING:pe_image_reader.cc(340)] could not read dos header from C:\WINDOWS\SYSTEM32\ntdll.dll
[1112/004722.092:ERROR:process_memory_win.cc(73)] ReadMemory at 0x7ffbaa360000 of 64 bytes failed: Only part of a ReadProcessMemory or WriteProcessMemory request was completed. (0x12B)
[1112/004722.092:WARNING:pe_image_reader.cc(340)] could not read dos header from C:\WINDOWS\System32\KERNEL32.DLL
[1112/004722.092:ERROR:process_memory_win.cc(73)] ReadMemory at 0x7ffba8e90000 of 64 bytes failed: Only part of a ReadProcessMemory or WriteProcessMemory request was completed. (0x12B)
[1112/004722.092:WARNING:pe_image_reader.cc(340)] could not read dos header from C:\WINDOWS\System32\KERNELBASE.dll
[1112/004722.092:ERROR:process_memory_win.cc(73)] ReadMemory at 0x7ffb7a830000 of 64 bytes failed: Only part of a ReadProcessMemory or WriteProcessMemory request was completed. (0x12B)
[1112/004722.092:WARNING:pe_image_reader.cc(340)] could not read dos header from C:\Program Files\Google\Chrome\Application\86.0.4240.183\chrome_elf.dll
[1112/004722.092:ERROR:process_memory_win.cc(73)] ReadMemory at 0x7ffb9f2b0000 of 64 bytes failed: Only part of a ReadProcessMemory or WriteProcessMemory request was completed. (0x12B)
[1112/004722.092:WARNING:pe_image_reader.cc(340)] could not read dos header from C:\WINDOWS\SYSTEM32\VERSION.dll
[1112/004722.092:ERROR:process_memory_win.cc(73)] ReadMemory at 0x7ffba9f50000 of 64 bytes failed: Only part of a ReadProcessMemory or WriteProcessMemory request was completed. (0x12B)
[1112/004722.092:WARNING:pe_image_reader.cc(340)] could not read dos header from C:\WINDOWS\System32\msvcrt.dll
[1112/004722.097:ERROR:process_memory_win.cc(73)] ReadMemory at 0x7ffba9a60000 of 64 bytes failed: Only part of a ReadProcessMemory or WriteProcessMemory request was completed. (0x12B)
[1112/004722.097:WARNING:pe_image_reader.cc(340)] could not read dos header from C:\WINDOWS\System32\bcryptPrimitives.dll
[1112/004722.097:ERROR:process_memory_win.cc(73)] ReadMemory at 0x7ffbabb00000 of 64 bytes failed: Only part of a ReadProcessMemory or WriteProcessMemory request was completed. (0x12B)
[1112/004722.097:WARNING:pe_image_reader.cc(340)] could not read dos header from C:\WINDOWS\System32\ADVAPI32.dll
[1112/004722.097:ERROR:process_memory_win.cc(73)] ReadMemory at 0x7ffbaac80000 of 64 bytes failed: Only part of a ReadProcessMemory or WriteProcessMemory request was completed. (0x12B)
[1112/004722.097:WARNING:pe_image_reader.cc(340)] could not read dos header from C:\WINDOWS\System32\sechost.dll
[1112/004722.097:ERROR:process_memory_win.cc(73)] ReadMemory at 0x7ffbaadc0000 of 64 bytes failed: Only part of a ReadProcessMemory or WriteProcessMemory request was completed. (0x12B)
[1112/004722.097:WARNING:pe_image_reader.cc(340)] could not read dos header from C:\WINDOWS\System32\RPCRT4.dll
[1112/004722.097:ERROR:process_memory_win.cc(73)] ReadMemory at 0x7ffb57180000 of 64 bytes failed: Only part of a ReadProcessMemory or WriteProcessMemory request was completed. (0x12B)
[1112/004722.097:WARNING:pe_image_reader.cc(340)] could not read dos header from C:\Program Files\Google\Chrome\Application\86.0.4240.183\chrome.dll
[1112/004722.097:ERROR:process_memory_win.cc(73)] ReadMemory at 0x7ffbaad20000 of 64 bytes failed: Only part of a ReadProcessMemory or WriteProcessMemory request was completed. (0x12B)
[1112/004722.097:WARNING:pe_image_reader.cc(340)] could not read dos header from C:\WINDOWS\System32\WS2_32.dll
[1112/004722.097:ERROR:process_memory_win.cc(73)] ReadMemory at 0x7ffbabc30000 of 64 bytes failed: Only part of a ReadProcessMemory or WriteProcessMemory request was completed. (0x12B)
[1112/004722.097:WARNING:pe_image_reader.cc(340)] could not read dos header from C:\WINDOWS\System32\OLEAUT32.dll
[1112/004722.097:ERROR:process_memory_win.cc(73)] ReadMemory at 0x7ffba99c0000 of 64 bytes failed: Only part of a ReadProcessMemory or WriteProcessMemory request was completed. (0x12B)
[1112/004722.097:WARNING:pe_image_reader.cc(340)] could not read dos header from C:\WINDOWS\System32\msvcp_win.dll
[1112/004722.097:ERROR:process_memory_win.cc(73)] ReadMemory at 0x7ffba9cc0000 of 64 bytes failed: Only part of a ReadProcessMemory or WriteProcessMemory request was completed. (0x12B)
[1112/004722.097:WARNING:pe_image_reader.cc(340)] could not read dos header from C:\WINDOWS\System32\ucrtbase.dll
[1112/004722.097:ERROR:process_memory_win.cc(73)] ReadMemory at 0x7ffbaa940000 of 64 bytes failed: Only part of a ReadProcessMemory or WriteProcessMemory request was completed. (0x12B)
[1112/004722.097:WARNING:pe_image_reader.cc(340)] could not read dos header from C:\WINDOWS\System32\combase.dll
[1112/004722.097:ERROR:process_memory_win.cc(73)] ReadMemory at 0x7ffba9ae0000 of 64 bytes failed: Only part of a ReadProcessMemory or WriteProcessMemory request was completed. (0x12B)
[1112/004722.097:WARNING:pe_image_reader.cc(340)] could not read dos header from C:\WINDOWS\System32\WINTRUST.dll
[1112/004722.097:ERROR:process_memory_win.cc(73)] ReadMemory at 0x7ffba8c10000 of 64 bytes failed: Only part of a ReadProcessMemory or WriteProcessMemory request was completed. (0x12B)
[1112/004722.097:WARNING:pe_image_reader.cc(340)] could not read dos header from C:\WINDOWS\System32\MSASN1.dll
[1112/004722.097:ERROR:process_memory_win.cc(73)] ReadMemory at 0x7ffba9b40000 of 64 bytes failed: Only part of a ReadProcessMemory or WriteProcessMemory request was completed. (0x12B)
[1112/004722.097:WARNING:pe_image_reader.cc(340)] could not read dos header from C:\WINDOWS\System32\CRYPT32.dll
[1112/004722.097:ERROR:process_memory_win.cc(73)] ReadMemory at 0x7ffba36c0000 of 64 bytes failed: Only part of a ReadProcessMemory or WriteProcessMemory request was completed. (0x12B)
[1112/004722.097:WARNING:pe_image_reader.cc(340)] could not read dos header from C:\WINDOWS\SYSTEM32\dbghelp.dll
[1112/004722.097:ERROR:process_memory_win.cc(73)] ReadMemory at 0x7ffba8100000 of 64 bytes failed: Only part of a ReadProcessMemory or WriteProcessMemory request was completed. (0x12B)
[1112/004722.097:WARNING:pe_image_reader.cc(340)] could not read dos header from C:\WINDOWS\SYSTEM32\IPHLPAPI.DLL
[1112/004722.097:ERROR:process_memory_win.cc(73)] ReadMemory at 0x7ffb9f280000 of 64 bytes failed: Only part of a ReadProcessMemory or WriteProcessMemory request was completed. (0x12B)
[1112/004722.097:WARNING:pe_image_reader.cc(340)] could not read dos header from C:\WINDOWS\SYSTEM32\WINMM.dll
[1112/004722.097:ERROR:process_memory_win.cc(73)] ReadMemory at 0x7ffb86400000 of 64 bytes failed: Only part of a ReadProcessMemory or WriteProcessMemory request was completed. (0x12B)
[1112/004722.097:WARNING:pe_image_reader.cc(340)] could not read dos header from C:\WINDOWS\SYSTEM32\UIAutomationCore.DLL
[1112/004722.097:ERROR:process_memory_win.cc(73)] ReadMemory at 0x7ffba4190000 of 64 bytes failed: Only part of a ReadProcessMemory or WriteProcessMemory request was completed. (0x12B)
[1112/004722.097:WARNING:pe_image_reader.cc(340)] could not read dos header from C:\WINDOWS\SYSTEM32\Secur32.dll
[1112/004722.097:ERROR:process_memory_win.cc(73)] ReadMemory at 0x7ffba8ae0000 of 64 bytes failed: Only part of a ReadProcessMemory or WriteProcessMemory request was completed. (0x12B)
[1112/004722.097:WARNING:pe_image_reader.cc(340)] could not read dos header from C:\WINDOWS\SYSTEM32\USERENV.dll
[1112/004722.097:ERROR:process_memory_win.cc(73)] ReadMemory at 0x7ffba8ca0000 of 64 bytes failed: Only part of a ReadProcessMemory or WriteProcessMemory request was completed. (0x12B)
[1112/004722.097:WARNING:pe_image_reader.cc(340)] could not read dos header from C:\WINDOWS\System32\profapi.dll
[1112/004722.097:ERROR:process_memory_win.cc(73)] ReadMemory at 0x7ffb908d0000 of 64 bytes failed: Only part of a ReadProcessMemory or WriteProcessMemory request was completed. (0x12B)
[1112/004722.097:WARNING:pe_image_reader.cc(340)] could not read dos header from C:\WINDOWS\SYSTEM32\DWrite.dll
[1112/004722.097:ERROR:process_memory_win.cc(73)] ReadMemory at 0x7ffba2440000 of 64 bytes failed: Only part of a ReadProcessMemory or WriteProcessMemory request was completed. (0x12B)
[1112/004722.097:WARNING:pe_image_reader.cc(340)] could not read dos header from C:\WINDOWS\SYSTEM32\WINSPOOL.DRV
[1112/004722.097:ERROR:process_memory_win.cc(73)] ReadMemory at 0x7ffba8c80000 of 64 bytes failed: Only part of a ReadProcessMemory or WriteProcessMemory request was completed. (0x12B)
[1112/004722.097:WARNING:pe_image_reader.cc(340)] could not read dos header from C:\WINDOWS\System32\kernel.appcore.dll
[1112/004722.097:ERROR:process_memory_win.cc(73)] ReadMemory at 0x7ffba9c90000 of 64 bytes failed: Only part of a ReadProcessMemory or WriteProcessMemory request was completed. (0x12B)
[1112/004722.097:WARNING:pe_image_reader.cc(340)] could not read dos header from C:\WINDOWS\System32\bcrypt.dll
[1112/004722.097:ERROR:process_memory_win.cc(73)] ReadMemory at 0x7ffba0440000 of 64 bytes failed: Only part of a ReadProcessMemory or WriteProcessMemory request was completed. (0x12B)
[1112/004722.097:WARNING:pe_image_reader.cc(340)] could not read dos header from C:\WINDOWS\SYSTEM32\WINHTTP.dll
[1112/004722.097:ERROR:process_memory_win.cc(73)] ReadMemory at 0x7ffba1650000 of 64 bytes failed: Only part of a ReadProcessMemory or WriteProcessMemory request was completed. (0x12B)
[1112/004722.097:WARNING:pe_image_reader.cc(340)] could not read dos header from C:\WINDOWS\SYSTEM32\dhcpcsvc.DLL
[1112/004722.097:ERROR:process_memory_win.cc(73)] ReadMemory at 0x7ffba9e70000 of 64 bytes failed: Only part of a ReadProcessMemory or WriteProcessMemory request was completed. (0x12B)
[1112/004722.097:WARNING:pe_image_reader.cc(340)] could not read dos header from C:\WINDOWS\System32\NSI.dll
[1112/004722.097:ERROR:process_memory_win.cc(73)] ReadMemory at 0x7ffb9f250000 of 64 bytes failed: Only part of a ReadProcessMemory or WriteProcessMemory request was completed. (0x12B)
[1112/004722.097:WARNING:pe_image_reader.cc(340)] could not read dos header from C:\WINDOWS\SYSTEM32\WINMMBASE.dll
[1112/004722.097:ERROR:process_memory_win.cc(73)] ReadMemory at 0x7ffba9970000 of 64 bytes failed: Only part of a ReadProcessMemory or WriteProcessMemory request was completed. (0x12B)
[1112/004722.097:WARNING:pe_image_reader.cc(340)] could not read dos header from C:\WINDOWS\System32\cfgmgr32.dll
[1112/004722.097:ERROR:process_memory_win.cc(73)] ReadMemory at 0x7ffba5540000 of 64 bytes failed: Only part of a ReadProcessMemory or WriteProcessMemory request was completed. (0x12B)
[1112/004722.102:WARNING:pe_image_reader.cc(340)] could not read dos header from C:\WINDOWS\SYSTEM32\PROPSYS.dll
[1112/004722.102:ERROR:process_memory_win.cc(73)] ReadMemory at 0x7ffbaa890000 of 64 bytes failed: Only part of a ReadProcessMemory or WriteProcessMemory request was completed. (0x12B)
[1112/004722.102:WARNING:pe_image_reader.cc(340)] could not read dos header from C:\WINDOWS\System32\shcore.dll
[1112/004722.102:ERROR:process_memory_win.cc(73)] ReadMemory at 0x7ffba8b10000 of 64 bytes failed: Only part of a ReadProcessMemory or WriteProcessMemory request was completed. (0x12B)
[1112/004722.102:WARNING:pe_image_reader.cc(340)] could not read dos header from C:\WINDOWS\SYSTEM32\SSPICLI.DLL
[1112/004722.102:ERROR:process_memory_win.cc(73)] ReadMemory at 0x7ffba85c0000 of 64 bytes failed: Only part of a ReadProcessMemory or WriteProcessMemory request was completed. (0x12B)
[1112/004722.102:WARNING:pe_image_reader.cc(340)] could not read dos header from C:\WINDOWS\SYSTEM32\CRYPTBASE.DLL
[1112/004722.102:ERROR:process_memory_win.cc(73)] ReadMemory at 0x7ff7e7bc0000 of 64 bytes failed: Only part of a ReadProcessMemory or WriteProcessMemory request was completed. (0x12B)
[1112/004722.102:WARNING:pe_image_reader.cc(340)] could not read dos header from C:\Program Files\Google\Chrome\Application\chrome.exe
[1112/004722.102:ERROR:process_memory_win.cc(73)] ReadMemory at 0x7ffbabd40000 of 64 bytes failed: Only part of a ReadProcessMemory or WriteProcessMemory request was completed. (0x12B)
[1112/004722.102:WARNING:pe_image_reader.cc(340)] could not read dos header from C:\WINDOWS\SYSTEM32\ntdll.dll
[1112/004722.102:ERROR:process_memory_win.cc(73)] ReadMemory at 0x7ffbaa360000 of 64 bytes failed: Only part of a ReadProcessMemory or WriteProcessMemory request was completed. (0x12B)
[1112/004722.102:WARNING:pe_image_reader.cc(340)] could not read dos header from C:\WINDOWS\System32\KERNEL32.DLL
[1112/004722.102:ERROR:process_memory_win.cc(73)] ReadMemory at 0x7ffba8e90000 of 64 bytes failed: Only part of a ReadProcessMemory or WriteProcessMemory request was completed. (0x12B)
[1112/004722.102:WARNING:pe_image_reader.cc(340)] could not read dos header from C:\WINDOWS\System32\KERNELBASE.dll
[1112/004722.102:ERROR:process_memory_win.cc(73)] ReadMemory at 0x7ffb7a830000 of 64 bytes failed: Only part of a ReadProcessMemory or WriteProcessMemory request was completed. (0x12B)
[1112/004722.102:WARNING:pe_image_reader.cc(340)] could not read dos header from C:\Program Files\Google\Chrome\Application\86.0.4240.183\chrome_elf.dll
[1112/004722.102:ERROR:process_memory_win.cc(73)] ReadMemory at 0x7ffb9f2b0000 of 64 bytes failed: Only part of a ReadProcessMemory or WriteProcessMemory request was completed. (0x12B)
[1112/004722.102:WARNING:pe_image_reader.cc(340)] could not read dos header from C:\WINDOWS\SYSTEM32\VERSION.dll
[1112/004722.102:ERROR:process_memory_win.cc(73)] ReadMemory at 0x7ffba9f50000 of 64 bytes failed: Only part of a ReadProcessMemory or WriteProcessMemory request was completed. (0x12B)
[1112/004722.102:WARNING:pe_image_reader.cc(340)] could not read dos header from C:\WINDOWS\System32\msvcrt.dll
[1112/004722.102:ERROR:process_memory_win.cc(73)] ReadMemory at 0x7ffba9a60000 of 64 bytes failed: Only part of a ReadProcessMemory or WriteProcessMemory request was completed. (0x12B)
[1112/004722.102:WARNING:pe_image_reader.cc(340)] could not read dos header from C:\WINDOWS\System32\bcryptPrimitives.dll
[1112/004722.102:ERROR:process_memory_win.cc(73)] ReadMemory at 0x7ffbabb00000 of 64 bytes failed: Only part of a ReadProcessMemory or WriteProcessMemory request was completed. (0x12B)
[1112/004722.102:WARNING:pe_image_reader.cc(340)] could not read dos header from C:\WINDOWS\System32\ADVAPI32.dll
[1112/004722.102:ERROR:process_memory_win.cc(73)] ReadMemory at 0x7ffbaac80000 of 64 bytes failed: Only part of a ReadProcessMemory or WriteProcessMemory request was completed. (0x12B)
[1112/004722.102:WARNING:pe_image_reader.cc(340)] could not read dos header from C:\WINDOWS\System32\sechost.dll
[1112/004722.102:ERROR:process_memory_win.cc(73)] ReadMemory at 0x7ffbaadc0000 of 64 bytes failed: Only part of a ReadProcessMemory or WriteProcessMemory request was completed. (0x12B)
[1112/004722.102:WARNING:pe_image_reader.cc(340)] could not read dos header from C:\WINDOWS\System32\RPCRT4.dll
[1112/004722.102:ERROR:process_memory_win.cc(73)] ReadMemory at 0x7ffb57180000 of 64 bytes failed: Only part of a ReadProcessMemory or WriteProcessMemory request was completed. (0x12B)
[1112/004722.102:WARNING:pe_image_reader.cc(340)] could not read dos header from C:\Program Files\Google\Chrome\Application\86.0.4240.183\chrome.dll
[1112/004722.102:ERROR:process_memory_win.cc(73)] ReadMemory at 0x7ffbaad20000 of 64 bytes failed: Only part of a ReadProcessMemory or WriteProcessMemory request was completed. (0x12B)
[1112/004722.102:WARNING:pe_image_reader.cc(340)] could not read dos header from C:\WINDOWS\System32\WS2_32.dll
[1112/004722.102:ERROR:process_memory_win.cc(73)] ReadMemory at 0x7ffbabc30000 of 64 bytes failed: Only part of a ReadProcessMemory or WriteProcessMemory request was completed. (0x12B)
[1112/004722.102:WARNING:pe_image_reader.cc(340)] could not read dos header from C:\WINDOWS\System32\OLEAUT32.dll
[1112/004722.102:ERROR:process_memory_win.cc(73)] ReadMemory at 0x7ffba99c0000 of 64 bytes failed: Only part of a ReadProcessMemory or WriteProcessMemory request was completed. (0x12B)
[1112/004722.102:WARNING:pe_image_reader.cc(340)] could not read dos header from C:\WINDOWS\System32\msvcp_win.dll
[1112/004722.102:ERROR:process_memory_win.cc(73)] ReadMemory at 0x7ffba9cc0000 of 64 bytes failed: Only part of a ReadProcessMemory or WriteProcessMemory request was completed. (0x12B)
[1112/004722.102:WARNING:pe_image_reader.cc(340)] could not read dos header from C:\WINDOWS\System32\ucrtbase.dll
[1112/004722.102:ERROR:process_memory_win.cc(73)] ReadMemory at 0x7ffbaa940000 of 64 bytes failed: Only part of a ReadProcessMemory or WriteProcessMemory request was completed. (0x12B)
[1112/004722.102:WARNING:pe_image_reader.cc(340)] could not read dos header from C:\WINDOWS\System32\combase.dll
[1112/004722.102:ERROR:process_memory_win.cc(73)] ReadMemory at 0x7ffba9ae0000 of 64 bytes failed: Only part of a ReadProcessMemory or WriteProcessMemory request was completed. (0x12B)
[1112/004722.102:WARNING:pe_image_reader.cc(340)] could not read dos header from C:\WINDOWS\System32\WINTRUST.dll
[1112/004722.102:ERROR:process_memory_win.cc(73)] ReadMemory at 0x7ffba8c10000 of 64 bytes failed: Only part of a ReadProcessMemory or WriteProcessMemory request was completed. (0x12B)
[1112/004722.102:WARNING:pe_image_reader.cc(340)] could not read dos header from C:\WINDOWS\System32\MSASN1.dll
[1112/004722.102:ERROR:process_memory_win.cc(73)] ReadMemory at 0x7ffba9b40000 of 64 bytes failed: Only part of a ReadProcessMemory or WriteProcessMemory request was completed. (0x12B)
[1112/004722.102:WARNING:pe_image_reader.cc(340)] could not read dos header from C:\WINDOWS\System32\CRYPT32.dll
[1112/004722.102:ERROR:process_memory_win.cc(73)] ReadMemory at 0x7ffba36c0000 of 64 bytes failed: Only part of a ReadProcessMemory or WriteProcessMemory request was completed. (0x12B)
[1112/004722.102:WARNING:pe_image_reader.cc(340)] could not read dos header from C:\WINDOWS\SYSTEM32\dbghelp.dll
[1112/004722.102:ERROR:process_memory_win.cc(73)] ReadMemory at 0x7ffba8100000 of 64 bytes failed: Only part of a ReadProcessMemory or WriteProcessMemory request was completed. (0x12B)
[1112/004722.102:WARNING:pe_image_reader.cc(340)] could not read dos header from C:\WINDOWS\SYSTEM32\IPHLPAPI.DLL
[1112/004722.102:ERROR:process_memory_win.cc(73)] ReadMemory at 0x7ffb9f280000 of 64 bytes failed: Only part of a ReadProcessMemory or WriteProcessMemory request was completed. (0x12B)
[1112/004722.102:WARNING:pe_image_reader.cc(340)] could not read dos header from C:\WINDOWS\SYSTEM32\WINMM.dll
[1112/004722.102:ERROR:process_memory_win.cc(73)] ReadMemory at 0x7ffb86400000 of 64 bytes failed: Only part of a ReadProcessMemory or WriteProcessMemory request was completed. (0x12B)
[1112/004722.102:WARNING:pe_image_reader.cc(340)] could not read dos header from C:\WINDOWS\SYSTEM32\UIAutomationCore.DLL
[1112/004722.102:ERROR:process_memory_win.cc(73)] ReadMemory at 0x7ffba4190000 of 64 bytes failed: Only part of a ReadProcessMemory or WriteProcessMemory request was completed. (0x12B)
[1112/004722.102:WARNING:pe_image_reader.cc(340)] could not read dos header from C:\WINDOWS\SYSTEM32\Secur32.dll
[1112/004722.102:ERROR:process_memory_win.cc(73)] ReadMemory at 0x7ffba8ae0000 of 64 bytes failed: Only part of a ReadProcessMemory or WriteProcessMemory request was completed. (0x12B)
[1112/004722.102:WARNING:pe_image_reader.cc(340)] could not read dos header from C:\WINDOWS\SYSTEM32\USERENV.dll
[1112/004722.102:ERROR:process_memory_win.cc(73)] ReadMemory at 0x7ffba8ca0000 of 64 bytes failed: Only part of a ReadProcessMemory or WriteProcessMemory request was completed. (0x12B)
[1112/004722.102:WARNING:pe_image_reader.cc(340)] could not read dos header from C:\WINDOWS\System32\profapi.dll
[1112/004722.102:ERROR:process_memory_win.cc(73)] ReadMemory at 0x7ffb908d0000 of 64 bytes failed: Only part of a ReadProcessMemory or WriteProcessMemory request was completed. (0x12B)
[1112/004722.107:WARNING:pe_image_reader.cc(340)] could not read dos header from C:\WINDOWS\SYSTEM32\DWrite.dll
[1112/004722.107:ERROR:process_memory_win.cc(73)] ReadMemory at 0x7ffba2440000 of 64 bytes failed: Only part of a ReadProcessMemory or WriteProcessMemory request was completed. (0x12B)
[1112/004722.107:WARNING:pe_image_reader.cc(340)] could not read dos header from C:\WINDOWS\SYSTEM32\WINSPOOL.DRV
[1112/004722.107:ERROR:process_memory_win.cc(73)] ReadMemory at 0x7ffba8c80000 of 64 bytes failed: Only part of a ReadProcessMemory or WriteProcessMemory request was completed. (0x12B)
[1112/004722.107:WARNING:pe_image_reader.cc(340)] could not read dos header from C:\WINDOWS\System32\kernel.appcore.dll
[1112/004722.107:ERROR:process_memory_win.cc(73)] ReadMemory at 0x7ffba9c90000 of 64 bytes failed: Only part of a ReadProcessMemory or WriteProcessMemory request was completed. (0x12B)
[1112/004722.107:WARNING:pe_image_reader.cc(340)] could not read dos header from C:\WINDOWS\System32\bcrypt.dll
[1112/004722.107:ERROR:process_memory_win.cc(73)] ReadMemory at 0x7ffba0440000 of 64 bytes failed: Only part of a ReadProcessMemory or WriteProcessMemory request was completed. (0x12B)
[1112/004722.107:WARNING:pe_image_reader.cc(340)] could not read dos header from C:\WINDOWS\SYSTEM32\WINHTTP.dll
[1112/004722.107:ERROR:process_memory_win.cc(73)] ReadMemory at 0x7ffba1650000 of 64 bytes failed: Only part of a ReadProcessMemory or WriteProcessMemory request was completed. (0x12B)
[1112/004722.107:WARNING:pe_image_reader.cc(340)] could not read dos header from C:\WINDOWS\SYSTEM32\dhcpcsvc.DLL
[1112/004722.107:ERROR:process_memory_win.cc(73)] ReadMemory at 0x7ffba9e70000 of 64 bytes failed: Only part of a ReadProcessMemory or WriteProcessMemory request was completed. (0x12B)
[1112/004722.107:WARNING:pe_image_reader.cc(340)] could not read dos header from C:\WINDOWS\System32\NSI.dll
[1112/004722.107:ERROR:process_memory_win.cc(73)] ReadMemory at 0x7ffb9f250000 of 64 bytes failed: Only part of a ReadProcessMemory or WriteProcessMemory request was completed. (0x12B)
[1112/004722.107:WARNING:pe_image_reader.cc(340)] could not read dos header from C:\WINDOWS\SYSTEM32\WINMMBASE.dll
[1112/004722.107:ERROR:process_memory_win.cc(73)] ReadMemory at 0x7ffba9970000 of 64 bytes failed: Only part of a ReadProcessMemory or WriteProcessMemory request was completed. (0x12B)
[1112/004722.107:WARNING:pe_image_reader.cc(340)] could not read dos header from C:\WINDOWS\System32\cfgmgr32.dll
[1112/004722.107:ERROR:process_memory_win.cc(73)] ReadMemory at 0x7ffba5540000 of 64 bytes failed: Only part of a ReadProcessMemory or WriteProcessMemory request was completed. (0x12B)
[1112/004722.107:WARNING:pe_image_reader.cc(340)] could not read dos header from C:\WINDOWS\SYSTEM32\PROPSYS.dll
[1112/004722.107:ERROR:process_memory_win.cc(73)] ReadMemory at 0x7ffbaa890000 of 64 bytes failed: Only part of a ReadProcessMemory or WriteProcessMemory request was completed. (0x12B)
[1112/004722.107:WARNING:pe_image_reader.cc(340)] could not read dos header from C:\WINDOWS\System32\shcore.dll
[1112/004722.107:ERROR:process_memory_win.cc(73)] ReadMemory at 0x7ffba8b10000 of 64 bytes failed: Only part of a ReadProcessMemory or WriteProcessMemory request was completed. (0x12B)
[1112/004722.107:WARNING:pe_image_reader.cc(340)] could not read dos header from C:\WINDOWS\SYSTEM32\SSPICLI.DLL
[1112/004722.107:ERROR:process_memory_win.cc(73)] ReadMemory at 0x7ffba85c0000 of 64 bytes failed: Only part of a ReadProcessMemory or WriteProcessMemory request was completed. (0x12B)
[1112/004722.107:WARNING:pe_image_reader.cc(340)] could not read dos header from C:\WINDOWS\SYSTEM32\CRYPTBASE.DLL
[1112/004722.273:ERROR:process_memory_win.cc(73)] ReadMemory at 0x3d015d2000 of 188416 bytes failed: Only part of a ReadProcessMemory or WriteProcessMemory request was completed. (0x12B)
[1112/004722.273:ERROR:process_memory_win.cc(73)] ReadMemory at 0x3d01dfe000 of 8192 bytes failed: Only part of a ReadProcessMemory or WriteProcessMemory request was completed. (0x12B)
[1112/004722.273:ERROR:process_memory_win.cc(73)] ReadMemory at 0x3d02dfd000 of 12288 bytes failed: Only part of a ReadProcessMemory or WriteProcessMemory request was completed. (0x12B)
[1112/004722.273:ERROR:process_memory_win.cc(73)] ReadMemory at 0x3d035fd000 of 12288 bytes failed: Only part of a ReadProcessMemory or WriteProcessMemory request was completed. (0x12B)
[1112/004722.273:ERROR:process_memory_win.cc(73)] ReadMemory at 0x3d045ff000 of 4096 bytes failed: Only part of a ReadProcessMemory or WriteProcessMemory request was completed. (0x12B)
[1112/004722.273:ERROR:process_memory_win.cc(73)] ReadMemory at 0x3d04dfe000 of 8192 bytes failed: Only part of a ReadProcessMemory or WriteProcessMemory request was completed. (0x12B)
[1112/004722.273:ERROR:process_memory_win.cc(73)] ReadMemory at 0x3d055fd000 of 12288 bytes failed: Only part of a ReadProcessMemory or WriteProcessMemory request was completed. (0x12B)
[1112/004722.273:ERROR:process_memory_win.cc(73)] ReadMemory at 0x3d065fe000 of 8192 bytes failed: Only part of a ReadProcessMemory or WriteProcessMemory request was completed. (0x12B)
[1112/004722.273:ERROR:process_memory_win.cc(73)] ReadMemory at 0x3d06dfc000 of 16384 bytes failed: Only part of a ReadProcessMemory or WriteProcessMemory request was completed. (0x12B)
[1112/004722.273:ERROR:process_memory_win.cc(73)] ReadMemory at 0x3d075fc000 of 16384 bytes failed: Only part of a ReadProcessMemory or WriteProcessMemory request was completed. (0x12B)
[1112/004722.273:ERROR:process_memory_win.cc(73)] ReadMemory at 0x3d07dfe000 of 8192 bytes failed: Only part of a ReadProcessMemory or WriteProcessMemory request was completed. (0x12B)
[1112/004722.273:ERROR:process_memory_win.cc(73)] ReadMemory at 0x3d03dfe000 of 8192 bytes failed: Only part of a ReadProcessMemory or WriteProcessMemory request was completed. (0x12B)
[1112/004722.273:ERROR:process_memory_win.cc(73)] ReadMemory at 0x3d05dfc000 of 16384 bytes failed: Only part of a ReadProcessMemory or WriteProcessMemory request was completed. (0x12B)
[1112/004722.273:ERROR:process_memory_win.cc(73)] ReadMemory at 0x3d025fd000 of 12288 bytes failed: Only part of a ReadProcessMemory or WriteProcessMemory request was completed. (0x12B)
[1112/004722.273:ERROR:process_memory_win.cc(73)] ReadMemory at 0x3d085fe000 of 8192 bytes failed: Only part of a ReadProcessMemory or WriteProcessMemory request was completed. (0x12B)
[1112/004722.273:ERROR:process_memory_win.cc(73)] ReadMemory at 0x3d08dff000 of 4096 bytes failed: Only part of a ReadProcessMemory or WriteProcessMemory request was completed. (0x12B)
[1112/004722.273:ERROR:process_memory_win.cc(73)] ReadMemory at 0x3d00d50000 of 852 bytes failed: Only part of a ReadProcessMemory or WriteProcessMemory request was completed. (0x12B)
[1112/004722.273:ERROR:process_memory_win.cc(73)] ReadMemory at 0x3d00d51000 of 6024 bytes failed: Only part of a ReadProcessMemory or WriteProcessMemory request was completed. (0x12B)
[1112/004722.273:ERROR:process_memory_win.cc(73)] ReadMemory at 0x3d00d53000 of 6024 bytes failed: Only part of a ReadProcessMemory or WriteProcessMemory request was completed. (0x12B)
[1112/004722.273:ERROR:process_memory_win.cc(73)] ReadMemory at 0x3d00d57000 of 6024 bytes failed: Only part of a ReadProcessMemory or WriteProcessMemory request was completed. (0x12B)
[1112/004722.273:ERROR:process_memory_win.cc(73)] ReadMemory at 0x3d00d59000 of 6024 bytes failed: Only part of a ReadProcessMemory or WriteProcessMemory request was completed. (0x12B)
[1112/004722.273:ERROR:process_memory_win.cc(73)] ReadMemory at 0x3d00d5d000 of 6024 bytes failed: Only part of a ReadProcessMemory or WriteProcessMemory request was completed. (0x12B)
[1112/004722.273:ERROR:process_memory_win.cc(73)] ReadMemory at 0x3d00d5f000 of 6024 bytes failed: Only part of a ReadProcessMemory or WriteProcessMemory request was completed. (0x12B)
[1112/004722.273:ERROR:process_memory_win.cc(73)] ReadMemory at 0x3d00d61000 of 6024 bytes failed: Only part of a ReadProcessMemory or WriteProcessMemory request was completed. (0x12B)
[1112/004722.273:ERROR:process_memory_win.cc(73)] ReadMemory at 0x3d00d65000 of 6024 bytes failed: Only part of a ReadProcessMemory or WriteProcessMemory request was completed. (0x12B)
[1112/004722.278:ERROR:process_memory_win.cc(73)] ReadMemory at 0x3d00d67000 of 6024 bytes failed: Only part of a ReadProcessMemory or WriteProcessMemory request was completed. (0x12B)
[1112/004722.278:ERROR:process_memory_win.cc(73)] ReadMemory at 0x3d00d69000 of 6024 bytes failed: Only part of a ReadProcessMemory or WriteProcessMemory request was completed. (0x12B)
[1112/004722.278:ERROR:process_memory_win.cc(73)] ReadMemory at 0x3d00d6b000 of 6024 bytes failed: Only part of a ReadProcessMemory or WriteProcessMemory request was completed. (0x12B)
[1112/004722.278:ERROR:process_memory_win.cc(73)] ReadMemory at 0x3d00d6f000 of 6024 bytes failed: Only part of a ReadProcessMemory or WriteProcessMemory request was completed. (0x12B)
[1112/004722.278:ERROR:process_memory_win.cc(73)] ReadMemory at 0x3d00d85000 of 6024 bytes failed: Only part of a ReadProcessMemory or WriteProcessMemory request was completed. (0x12B)
[1112/004722.278:ERROR:process_memory_win.cc(73)] ReadMemory at 0x3d00d89000 of 6024 bytes failed: Only part of a ReadProcessMemory or WriteProcessMemory request was completed. (0x12B)
[1112/004722.278:ERROR:process_memory_win.cc(73)] ReadMemory at 0x3d00d8b000 of 6024 bytes failed: Only part of a ReadProcessMemory or WriteProcessMemory request was completed. (0x12B)
[1112/004722.278:ERROR:process_memory_win.cc(73)] ReadMemory at 0x3d00d8d000 of 6024 bytes failed: Only part of a ReadProcessMemory or WriteProcessMemory request was completed. (0x12B)
[1112/004722.278:ERROR:process_memory_win.cc(73)] ReadMemory at 0x22761ca0fe0 of 16888 bytes failed: Only part of a ReadProcessMemory or WriteProcessMemory request was completed. (0x12B)
[1112/004722.278:ERROR:process_memory_win.cc(73)] ReadMemory at 0x22761ca51e0 of 1012 bytes failed: Only part of a ReadProcessMemory or WriteProcessMemory request was completed. (0x12B)
[1112/004722.308:ERROR:process_memory_win.cc(73)] ReadMemory at 0x22761ca5828 of 106 bytes failed: Only part of a ReadProcessMemory or WriteProcessMemory request was completed. (0x12B)
[1112/004722.308:ERROR:process_memory_win.cc(73)] ReadMemory at 0x22761ca5894 of 702 bytes failed: Only part of a ReadProcessMemory or WriteProcessMemory request was completed. (0x12B)
[1112/004722.308:ERROR:process_memory_win.cc(73)] ReadMemory at 0x22761ca5b54 of 106 bytes failed: Only part of a ReadProcessMemory or WriteProcessMemory request was completed. (0x12B)
[1112/004722.308:ERROR:process_memory_win.cc(73)] ReadMemory at 0x22761ca5bc0 of 100 bytes failed: Only part of a ReadProcessMemory or WriteProcessMemory request was completed. (0x12B)
[1112/004722.308:ERROR:process_memory_win.cc(73)] ReadMemory at 0x22761ca5c30 of 58 bytes failed: Only part of a ReadProcessMemory or WriteProcessMemory request was completed. (0x12B)
[1112/004722.308:ERROR:process_memory_win.cc(73)] ReadMemory at 0x22761ca5d30 of 132 bytes failed: Only part of a ReadProcessMemory or WriteProcessMemory request was completed. (0x12B)
[1112/004722.308:ERROR:process_memory_win.cc(73)] ReadMemory at 0x22761ca5ec0 of 132 bytes failed: Only part of a ReadProcessMemory or WriteProcessMemory request was completed. (0x12B)
[1112/004722.308:ERROR:process_memory_win.cc(73)] ReadMemory at 0x22761ca6080 of 114 bytes failed: Only part of a ReadProcessMemory or WriteProcessMemory request was completed. (0x12B)
[1112/004722.308:ERROR:process_memory_win.cc(73)] ReadMemory at 0x22761ca6580 of 132 bytes failed: Only part of a ReadProcessMemory or WriteProcessMemory request was completed. (0x12B)
[1112/004722.308:ERROR:process_memory_win.cc(73)] ReadMemory at 0x22761ca6710 of 64 bytes failed: Only part of a ReadProcessMemory or WriteProcessMemory request was completed. (0x12B)
[1112/004722.308:ERROR:process_memory_win.cc(73)] ReadMemory at 0x22761ca68c0 of 132 bytes failed: Only part of a ReadProcessMemory or WriteProcessMemory request was completed. (0x12B)
[1112/004722.473:ERROR:process_memory_win.cc(73)] ReadMemory at 0x22761ca6b70 of 132 bytes failed: Only part of a ReadProcessMemory or WriteProcessMemory request was completed. (0x12B)
[1112/004722.473:ERROR:process_memory_win.cc(73)] ReadMemory at 0x22761ca6d00 of 68 bytes failed: Only part of a ReadProcessMemory or WriteProcessMemory request was completed. (0x12B)
[1112/004722.473:ERROR:process_memory_win.cc(73)] ReadMemory at 0x22761ca7db0 of 132 bytes failed: Only part of a ReadProcessMemory or WriteProcessMemory request was completed. (0x12B)
[1112/004722.473:ERROR:process_memory_win.cc(73)] ReadMemory at 0x22761ca7ee0 of 142 bytes failed: Only part of a ReadProcessMemory or WriteProcessMemory request was completed. (0x12B)
[1112/004722.473:ERROR:process_memory_win.cc(73)] ReadMemory at 0x22761ca85c0 of 62 bytes failed: Only part of a ReadProcessMemory or WriteProcessMemory request was completed. (0x12B)
[1112/004722.523:ERROR:process_memory_win.cc(73)] ReadMemory at 0x22761ca8d50 of 132 bytes failed: Only part of a ReadProcessMemory or WriteProcessMemory request was completed. (0x12B)
[1112/004722.523:ERROR:process_memory_win.cc(73)] ReadMemory at 0x22761ca8ee0 of 60 bytes failed: Only part of a ReadProcessMemory or WriteProcessMemory request was completed. (0x12B)
[1112/004722.523:ERROR:process_memory_win.cc(73)] ReadMemory at 0x22761cbb7c0 of 132 bytes failed: Only part of a ReadProcessMemory or WriteProcessMemory request was completed. (0x12B)
[1112/004722.523:ERROR:process_memory_win.cc(73)] ReadMemory at 0x22761cbbab0 of 132 bytes failed: Only part of a ReadProcessMemory or WriteProcessMemory request was completed. (0x12B)
[1112/004722.523:ERROR:process_memory_win.cc(73)] ReadMemory at 0x22761cbbbe0 of 132 bytes failed: Only part of a ReadProcessMemory or WriteProcessMemory request was completed. (0x12B)
[1112/004722.523:ERROR:process_memory_win.cc(73)] ReadMemory at 0x22761cbc320 of 80 bytes failed: Only part of a ReadProcessMemory or WriteProcessMemory request was completed. (0x12B)
[1112/004722.523:ERROR:process_memory_win.cc(73)] ReadMemory at 0x22761cbd180 of 132 bytes failed: Only part of a ReadProcessMemory or WriteProcessMemory request was completed. (0x12B)
[1112/004722.523:ERROR:process_memory_win.cc(73)] ReadMemory at 0x22761cbd2b0 of 132 bytes failed: Only part of a ReadProcessMemory or WriteProcessMemory request was completed. (0x12B)
[1112/004722.523:ERROR:process_memory_win.cc(73)] ReadMemory at 0x22761cbd640 of 132 bytes failed: Only part of a ReadProcessMemory or WriteProcessMemory request was completed. (0x12B)
[1112/004722.523:ERROR:process_memory_win.cc(73)] ReadMemory at 0x22761cbe190 of 132 bytes failed: Only part of a ReadProcessMemory or WriteProcessMemory request was completed. (0x12B)
[1112/004722.563:ERROR:process_memory_win.cc(73)] ReadMemory at 0x22761cbe3b0 of 132 bytes failed: Only part of a ReadProcessMemory or WriteProcessMemory request was completed. (0x12B)
[1112/004722.563:ERROR:process_memory_win.cc(73)] ReadMemory at 0x22761cc2ad0 of 54 bytes failed: Only part of a ReadProcessMemory or WriteProcessMemory request was completed. (0x12B)
[1112/004722.563:ERROR:process_memory_win.cc(73)] ReadMemory at 0x22761cc3e70 of 134 bytes failed: Only part of a ReadProcessMemory or WriteProcessMemory request was completed. (0x12B)
[1112/004722.563:ERROR:process_memory_win.cc(73)] ReadMemory at 0x22761cc55e0 of 132 bytes failed: Only part of a ReadProcessMemory or WriteProcessMemory request was completed. (0x12B)
[1112/004722.563:ERROR:process_memory_win.cc(73)] ReadMemory at 0x22761cc5870 of 60 bytes failed: Only part of a ReadProcessMemory or WriteProcessMemory request was completed. (0x12B)
[1112/004722.563:ERROR:process_memory_win.cc(73)] ReadMemory at 0x22761cc58c0 of 60 bytes failed: Only part of a ReadProcessMemory or WriteProcessMemory request was completed. (0x12B)
[1112/004722.563:ERROR:process_memory_win.cc(73)] ReadMemory at 0x22761cc5910 of 64 bytes failed: Only part of a ReadProcessMemory or WriteProcessMemory request was completed. (0x12B)
[1112/004722.563:ERROR:process_memory_win.cc(73)] ReadMemory at 0x22761cc5960 of 62 bytes failed: Only part of a ReadProcessMemory or WriteProcessMemory request was completed. (0x12B)
[1112/004722.563:ERROR:process_memory_win.cc(73)] ReadMemory at 0x22761cc5a50 of 62 bytes failed: Only part of a ReadProcessMemory or WriteProcessMemory request was completed. (0x12B)
[1112/004722.563:ERROR:process_memory_win.cc(73)] ReadMemory at 0x22761cc5aa0 of 62 bytes failed: Only part of a ReadProcessMemory or WriteProcessMemory request was completed. (0x12B)
[1112/004722.563:ERROR:process_memory_win.cc(73)] ReadMemory at 0x22761cc5af0 of 62 bytes failed: Only part of a ReadProcessMemory or WriteProcessMemory request was completed. (0x12B)
[1112/004722.563:ERROR:process_memory_win.cc(73)] ReadMemory at 0x22761cc5b40 of 64 bytes failed: Only part of a ReadProcessMemory or WriteProcessMemory request was completed. (0x12B)
[1112/004722.563:ERROR:process_memory_win.cc(73)] ReadMemory at 0x22761cc5be0 of 60 bytes failed: Only part of a ReadProcessMemory or WriteProcessMemory request was completed. (0x12B)
[1112/004722.563:ERROR:process_memory_win.cc(73)] ReadMemory at 0x22761cc5d20 of 64 bytes failed: Only part of a ReadProcessMemory or WriteProcessMemory request was completed. (0x12B)
[1112/004722.563:ERROR:process_memory_win.cc(73)] ReadMemory at 0x22761cc5e60 of 62 bytes failed: Only part of a ReadProcessMemory or WriteProcessMemory request was completed. (0x12B)
[1112/004722.563:ERROR:process_memory_win.cc(73)] ReadMemory at 0x22761cc5f50 of 66 bytes failed: Only part of a ReadProcessMemory or WriteProcessMemory request was completed. (0x12B)
[1112/004722.563:ERROR:process_memory_win.cc(73)] ReadMemory at 0x22761cc5fa0 of 64 bytes failed: Only part of a ReadProcessMemory or WriteProcessMemory request was completed. (0x12B)
[1112/004722.563:ERROR:process_memory_win.cc(73)] ReadMemory at 0x22761cc5ff0 of 60 bytes failed: Only part of a ReadProcessMemory or WriteProcessMemory request was completed. (0x12B)
[1112/004722.653:ERROR:process_memory_win.cc(73)] ReadMemory at 0x22761cc6090 of 62 bytes failed: Only part of a ReadProcessMemory or WriteProcessMemory request was completed. (0x12B)
[1112/004722.673:ERROR:process_memory_win.cc(73)] ReadMemory at 0x22761cc60e0 of 62 bytes failed: Only part of a ReadProcessMemory or WriteProcessMemory request was completed. (0x12B)
[1112/004722.673:ERROR:process_memory_win.cc(73)] ReadMemory at 0x22761cc6130 of 62 bytes failed: Only part of a ReadProcessMemory or WriteProcessMemory request was completed. (0x12B)
[1112/004722.708:ERROR:process_memory_win.cc(73)] ReadMemory at 0x22761cc6220 of 60 bytes failed: Only part of a ReadProcessMemory or WriteProcessMemory request was completed. (0x12B)
[1112/004722.783:ERROR:process_memory_win.cc(73)] ReadMemory at 0x22761cc6270 of 64 bytes failed: Only part of a ReadProcessMemory or WriteProcessMemory request was completed. (0x12B)
[1112/004722.783:ERROR:process_memory_win.cc(73)] ReadMemory at 0x22761cc6310 of 64 bytes failed: Only part of a ReadProcessMemory or WriteProcessMemory request was completed. (0x12B)
[1112/004722.818:ERROR:process_memory_win.cc(73)] ReadMemory at 0x22761cc6360 of 62 bytes failed: Only part of a ReadProcessMemory or WriteProcessMemory request was completed. (0x12B)
[1112/004722.943:ERROR:process_memory_win.cc(73)] ReadMemory at 0x22761cc6400 of 64 bytes failed: Only part of a ReadProcessMemory or WriteProcessMemory request was completed. (0x12B)
[1112/004722.943:ERROR:process_memory_win.cc(73)] ReadMemory at 0x22761cc6450 of 58 bytes failed: Only part of a ReadProcessMemory or WriteProcessMemory request was completed. (0x12B)
[1112/004722.943:ERROR:process_memory_win.cc(73)] ReadMemory at 0x22761cc6590 of 66 bytes failed: Only part of a ReadProcessMemory or WriteProcessMemory request was completed. (0x12B)
[1112/004722.943:ERROR:process_memory_win.cc(73)] ReadMemory at 0x22761cc65e0 of 64 bytes failed: Only part of a ReadProcessMemory or WriteProcessMemory request was completed. (0x12B)
[1112/004722.943:ERROR:process_memory_win.cc(73)] ReadMemory at 0x22761cc6680 of 62 bytes failed: Only part of a ReadProcessMemory or WriteProcessMemory request was completed. (0x12B)
[1112/004722.943:ERROR:process_memory_win.cc(73)] ReadMemory at 0x22761cc6770 of 60 bytes failed: Only part of a ReadProcessMemory or WriteProcessMemory request was completed. (0x12B)
[1112/004722.943:ERROR:process_memory_win.cc(73)] ReadMemory at 0x22761cc8240 of 132 bytes failed: Only part of a ReadProcessMemory or WriteProcessMemory request was completed. (0x12B)
[1112/004722.943:ERROR:process_memory_win.cc(73)] ReadMemory at 0x22761cc8370 of 132 bytes failed: Only part of a ReadProcessMemory or WriteProcessMemory request was completed. (0x12B)
[1112/004722.943:ERROR:process_memory_win.cc(73)] ReadMemory at 0x22761cc84a0 of 132 bytes failed: Only part of a ReadProcessMemory or WriteProcessMemory request was completed. (0x12B)
[1112/004723.048:ERROR:process_memory_win.cc(73)] ReadMemory at 0x22761cc85d0 of 132 bytes failed: Only part of a ReadProcessMemory or WriteProcessMemory request was completed. (0x12B)
[1112/004723.048:ERROR:process_memory_win.cc(73)] ReadMemory at 0x22761cc8700 of 132 bytes failed: Only part of a ReadProcessMemory or WriteProcessMemory request was completed. (0x12B)
[1112/004723.048:ERROR:process_memory_win.cc(73)] ReadMemory at 0x22761cc8830 of 132 bytes failed: Only part of a ReadProcessMemory or WriteProcessMemory request was completed. (0x12B)
[1112/004723.048:ERROR:process_memory_win.cc(73)] ReadMemory at 0x22761cc8960 of 132 bytes failed: Only part of a ReadProcessMemory or WriteProcessMemory request was completed. (0x12B)
[1112/004723.048:ERROR:process_memory_win.cc(73)] ReadMemory at 0x22761cc8bc0 of 132 bytes failed: Only part of a ReadProcessMemory or WriteProcessMemory request was completed. (0x12B)
[1112/004723.048:ERROR:process_memory_win.cc(73)] ReadMemory at 0x22761cc8cf0 of 132 bytes failed: Only part of a ReadProcessMemory or WriteProcessMemory request was completed. (0x12B)
[1112/004723.048:ERROR:process_memory_win.cc(73)] ReadMemory at 0x22761cc8e20 of 132 bytes failed: Only part of a ReadProcessMemory or WriteProcessMemory request was completed. (0x12B)
[1112/004723.048:ERROR:process_memory_win.cc(73)] ReadMemory at 0x22761cc8f50 of 132 bytes failed: Only part of a ReadProcessMemory or WriteProcessMemory request was completed. (0x12B)
[1112/004723.048:ERROR:process_memory_win.cc(73)] ReadMemory at 0x22761cc9080 of 132 bytes failed: Only part of a ReadProcessMemory or WriteProcessMemory request was completed. (0x12B)
[1112/004723.048:ERROR:process_memory_win.cc(73)] ReadMemory at 0x22761ccaa30 of 132 bytes failed: Only part of a ReadProcessMemory or WriteProcessMemory request was completed. (0x12B)
[1112/004723.048:ERROR:process_memory_win.cc(73)] ReadMemory at 0x22761ccb0a0 of 80 bytes failed: Only part of a ReadProcessMemory or WriteProcessMemory request was completed. (0x12B)
[1112/004723.048:ERROR:process_memory_win.cc(73)] ReadMemory at 0x22761ccb520 of 76 bytes failed: Only part of a ReadProcessMemory or WriteProcessMemory request was completed. (0x12B)
[1112/004723.048:ERROR:process_memory_win.cc(73)] ReadMemory at 0x22761ccc5a0 of 132 bytes failed: Only part of a ReadProcessMemory or WriteProcessMemory request was completed. (0x12B)
[1112/004723.048:ERROR:process_memory_win.cc(73)] ReadMemory at 0x22761ccc6d0 of 132 bytes failed: Only part of a ReadProcessMemory or WriteProcessMemory request was completed. (0x12B)
[1112/004723.048:ERROR:process_memory_win.cc(73)] ReadMemory at 0x22761cccb90 of 132 bytes failed: Only part of a ReadProcessMemory or WriteProcessMemory request was completed. (0x12B)
[1112/004723.098:ERROR:process_memory_win.cc(73)] ReadMemory at 0x22761ccd050 of 132 bytes failed: Only part of a ReadProcessMemory or WriteProcessMemory request was completed. (0x12B)
[1112/004723.158:ERROR:process_memory_win.cc(73)] ReadMemory at 0x22761ccd3e0 of 132 bytes failed: Only part of a ReadProcessMemory or WriteProcessMemory request was completed. (0x12B)
[1112/004723.158:ERROR:process_memory_win.cc(73)] ReadMemory at 0x22761ccd510 of 132 bytes failed: Only part of a ReadProcessMemory or WriteProcessMemory request was completed. (0x12B)
[1112/004723.158:ERROR:process_memory_win.cc(73)] ReadMemory at 0x22761ccd640 of 132 bytes failed: Only part of a ReadProcessMemory or WriteProcessMemory request was completed. (0x12B)
[1112/004723.158:ERROR:process_memory_win.cc(73)] ReadMemory at 0x22761ccd770 of 132 bytes failed: Only part of a ReadProcessMemory or WriteProcessMemory request was completed. (0x12B)
[1112/004723.158:ERROR:process_memory_win.cc(73)] ReadMemory at 0x22761ccd8a0 of 132 bytes failed: Only part of a ReadProcessMemory or WriteProcessMemory request was completed. (0x12B)
[1112/004723.193:ERROR:process_memory_win.cc(73)] ReadMemory at 0x22761ccd9d0 of 132 bytes failed: Only part of a ReadProcessMemory or WriteProcessMemory request was completed. (0x12B)
[1112/004723.193:ERROR:process_memory_win.cc(73)] ReadMemory at 0x22761d19ed0 of 512 bytes failed: Only part of a ReadProcessMemory or WriteProcessMemory request was completed. (0x12B)
[1112/004723.193:ERROR:process_memory_win.cc(73)] ReadMemory at 0x22761d2ef50 of 512 bytes failed: Only part of a ReadProcessMemory or WriteProcessMemory request was completed. (0x12B)
[1112/004723.198:ERROR:process_memory_win.cc(73)] ReadMemory at 0x22761d370d0 of 512 bytes failed: Only part of a ReadProcessMemory or WriteProcessMemory request was completed. (0x12B)
[1112/004723.198:ERROR:process_memory_win.cc(73)] ReadMemory at 0x22761d3a630 of 512 bytes failed: Only part of a ReadProcessMemory or WriteProcessMemory request was completed. (0x12B)
[1112/004723.198:ERROR:process_memory_win.cc(73)] ReadMemory at 0x22761d3b260 of 512 bytes failed: Only part of a ReadProcessMemory or WriteProcessMemory request was completed. (0x12B)
[1112/004723.198:ERROR:process_memory_win.cc(73)] ReadMemory at 0x22761d41f78 of 656 bytes failed: Only part of a ReadProcessMemory or WriteProcessMemory request was completed. (0x12B)
[1112/004723.288:ERROR:process_memory_win.cc(73)] ReadMemory at 0x22761d42248 of 512 bytes failed: Only part of a ReadProcessMemory or WriteProcessMemory request was completed. (0x12B)
[1112/004723.293:ERROR:process_memory_win.cc(73)] ReadMemory at 0x22761d63d70 of 512 bytes failed: Only part of a ReadProcessMemory or WriteProcessMemory request was completed. (0x12B)
[1112/004723.293:ERROR:process_memory_win.cc(73)] ReadMemory at 0x22761d64fe0 of 512 bytes failed: Only part of a ReadProcessMemory or WriteProcessMemory request was completed. (0x12B)
[1112/004723.293:ERROR:process_memory_win.cc(73)] ReadMemory at 0x22761d6f080 of 712 bytes failed: Only part of a ReadProcessMemory or WriteProcessMemory request was completed. (0x12B)
[1112/004723.293:ERROR:process_memory_win.cc(73)] ReadMemory at 0x22761d9d450 of 512 bytes failed: Only part of a ReadProcessMemory or WriteProcessMemory request was completed. (0x12B)
[1112/004723.293:ERROR:process_memory_win.cc(73)] ReadMemory at 0x227635a5a60 of 512 bytes failed: Only part of a ReadProcessMemory or WriteProcessMemory request was completed. (0x12B)
[1112/004723.293:ERROR:process_memory_win.cc(73)] ReadMemory at 0x227636b0cc6 of 524 bytes failed: Only part of a ReadProcessMemory or WriteProcessMemory request was completed. (0x12B)
[1112/004723.293:ERROR:process_memory_win.cc(73)] ReadMemory at 0x227636b0fb6 of 512 bytes failed: Only part of a ReadProcessMemory or WriteProcessMemory request was completed. (0x12B)
[1112/004723.293:ERROR:process_memory_win.cc(73)] ReadMemory at 0x2276382a250 of 512 bytes failed: Only part of a ReadProcessMemory or WriteProcessMemory request was completed. (0x12B)
[1112/004723.403:ERROR:process_memory_win.cc(73)] ReadMemory at 0x22765137888 of 512 bytes failed: Only part of a ReadProcessMemory or WriteProcessMemory request was completed. (0x12B)
[1112/004723.403:ERROR:process_memory_win.cc(73)] ReadMemory at 0x2276bbc6d70 of 704 bytes failed: Only part of a ReadProcessMemory or WriteProcessMemory request was completed. (0x12B)
[1112/004723.403:ERROR:process_memory_win.cc(73)] ReadMemory at 0x2276be6c620 of 512 bytes failed: Only part of a ReadProcessMemory or WriteProcessMemory request was completed. (0x12B)
[1112/004723.403:ERROR:process_memory_win.cc(73)] ReadMemory at 0x2276d6cf490 of 512 bytes failed: Only part of a ReadProcessMemory or WriteProcessMemory request was completed. (0x12B)
[1112/004723.403:ERROR:process_memory_win.cc(73)] ReadMemory at 0x2276d746690 of 512 bytes failed: Only part of a ReadProcessMemory or WriteProcessMemory request was completed. (0x12B)
[1112/004723.403:ERROR:process_memory_win.cc(73)] ReadMemory at 0x40a98ca01000 of 416 bytes failed: Only part of a ReadProcessMemory or WriteProcessMemory request was completed. (0x12B)
[1112/004723.403:ERROR:process_memory_win.cc(73)] ReadMemory at 0x40a98f65e380 of 512 bytes failed: Only part of a ReadProcessMemory or WriteProcessMemory request was completed. (0x12B)
[1112/004723.565:ERROR:process_memory_win.cc(73)] ReadMemory at 0x40a991401b60 of 512 bytes failed: Only part of a ReadProcessMemory or WriteProcessMemory request was completed. (0x12B)
[1112/004723.565:ERROR:process_memory_win.cc(73)] ReadMemory at 0x7ffb599fdff0 of 512 bytes failed: Only part of a ReadProcessMemory or WriteProcessMemory request was completed. (0x12B)
[1112/004723.565:ERROR:process_memory_win.cc(73)] ReadMemory at 0x7ffb5aea8ecc of 512 bytes failed: Only part of a ReadProcessMemory or WriteProcessMemory request was completed. (0x12B)
[1112/004723.565:ERROR:process_memory_win.cc(73)] ReadMemory at 0x7ffb5fc94da0 of 512 bytes failed: Only part of a ReadProcessMemory or WriteProcessMemory request was completed. (0x12B)
[1112/004723.565:ERROR:process_memory_win.cc(73)] ReadMemory at 0x7ffb5fc96640 of 512 bytes failed: Only part of a ReadProcessMemory or WriteProcessMemory request was completed. (0x12B)
[1112/004723.565:ERROR:process_memory_win.cc(73)] ReadMemory at 0x7ffb7a865810 of 512 bytes failed: Only part of a ReadProcessMemory or WriteProcessMemory request was completed. (0x12B)
[1112/004723.565:ERROR:process_memory_win.cc(73)] ReadMemory at 0x7ffb7a865ed7 of 512 bytes failed: Only part of a ReadProcessMemory or WriteProcessMemory request was completed. (0x12B)
[1112/004723.565:ERROR:process_memory_win.cc(73)] ReadMemory at 0x7ffbaa381fd0 of 512 bytes failed: Only part of a ReadProcessMemory or WriteProcessMemory request was completed. (0x12B)
[1112/004723.565:ERROR:process_memory_win.cc(73)] ReadMemory at 0x7ffbabddc0c4 of 672 bytes failed: Only part of a ReadProcessMemory or WriteProcessMemory request was completed. (0x12B)
[1112/004723.565:ERROR:process_memory_win.cc(73)] ReadMemory at 0x7ffbabddf974 of 608 bytes failed: Only part of a ReadProcessMemory or WriteProcessMemory request was completed. (0x12B)
[1112/004723.565:ERROR:process_memory_win.cc(73)] ReadMemory at 0x7ffbabe6c428 of 18 bytes failed: Only part of a ReadProcessMemory or WriteProcessMemory request was completed. (0x12B)
[1112/004723.565:ERROR:process_memory_win.cc(73)] ReadMemory at 0x7ffbabe9f4f8 of 40 bytes failed: Only part of a ReadProcessMemory or WriteProcessMemory request was completed. (0x12B)
[1112/004723.565:ERROR:process_memory_win.cc(73)] ReadMemory at 0x7ffbabe9f978 of 48 bytes failed: Only part of a ReadProcessMemory or WriteProcessMemory request was completed. (0x12B)
[1112/004723.610:ERROR:process_memory_win.cc(73)] ReadMemory at 0x7ffbabea53c0 of 64 bytes failed: Only part of a ReadProcessMemory or WriteProcessMemory request was completed. (0x12B)
[1112/004723.635:ERROR:scoped_process_suspend.cc(40)] NtResumeProcess: An attempt was made to access an exiting process. (0xc000010a)
[1113/132934.537:ERROR:directory_reader_win.cc(43)] FindFirstFile: The system cannot find the path specified. (0x3)
[1113/150823.118:ERROR:directory_reader_win.cc(43)] FindFirstFile: The system cannot find the path specified. (0x3)
